<?xml version="1.0" encoding="UTF-8"?>
<testsuite name="test.java.AlgoTest" tests="12" skipped="0" failures="0" errors="0" timestamp="2018-10-22T07:20:43" hostname="Lenovo-PC" time="0.061">
  <properties/>
  <testcase name="testIfArrayIsCorrectlySortedSelectionSort" classname="test.java.AlgoTest" time="0.02"/>
  <testcase name="testIfArrayIsEmptySelectionSort" classname="test.java.AlgoTest" time="0.003"/>
  <testcase name="testIfArrayIsEmptyHeapSort" classname="test.java.AlgoTest" time="0.001"/>
  <testcase name="testIfArrayIsCorrectlySortedHeapSort" classname="test.java.AlgoTest" time="0.002"/>
  <testcase name="testIfArrayIsEmptyQuickSort" classname="test.java.AlgoTest" time="0.001"/>
  <testcase name="testIfArrayIsEmptyMergeSort" classname="test.java.AlgoTest" time="0.001"/>
  <testcase name="testIfArrayIsCorrectlySortedQuickSort" classname="test.java.AlgoTest" time="0.0"/>
  <testcase name="testIfArrayIsEmptyBubbleSort" classname="test.java.AlgoTest" time="0.001"/>
  <testcase name="testIfArrayIsCorrectlySortedMergeSort" classname="test.java.AlgoTest" time="0.0"/>
  <testcase name="testIfArrayIsCorrectlySortedBubbleSort" classname="test.java.AlgoTest" time="0.001"/>
  <testcase name="testIfArrayIsCorrectlySortedInsertionSort" classname="test.java.AlgoTest" time="0.002"/>
  <testcase name="testIfArrayIsEmptyInsertionSort" classname="test.java.AlgoTest" time="0.002"/>
  <system-out><![CDATA[]]></system-out>
  <system-err><![CDATA[]]></system-err>
</testsuite>
